<?xml version="1.0" encoding="UTF-8"?>
<testsuite xmlns:xsi="http://www.w3.org/2001/XMLSchema-instance" xsi:noNamespaceSchemaLocation="https://maven.apache.org/surefire/maven-surefire-plugin/xsd/surefire-test-report.xsd" name="TestSuite" time="20.304" tests="5" errors="0" skipped="2" failures="2">
  <properties>
[...]
</properties>
  <testcase name="starship" classname="api.StarshipTests" time="7.38"/>
  <testcase name="addingProductToTheCart" classname="ui.RozetkaTests" time="0.079">
    <failure message="An unknown server-side error occurred while processing the command. Original error: URI and package arguments are required&#10;Build info: version: &apos;3.141.59&apos;, revision: &apos;e82be7d358&apos;, time: &apos;2018-11-14T08:17:03&apos;&#10;System info: host: &apos;DESKTOP-C16351B&apos;, ip: &apos;192.168.150.2&apos;, os.name: &apos;Windows 10&apos;, os.arch: &apos;amd64&apos;, os.version: &apos;10.0&apos;, java.version: &apos;1.8.0_202&apos;&#10;Driver info: io.appium.java_client.android.AndroidDriver&#10;Capabilities {autoGrantPermissions: true, databaseEnabled: false, desired: {autoGrantPermissions: true, enableMultiWindows: true, platformName: android}, deviceApiLevel: 29, deviceManufacturer: Google, deviceModel: Android SDK built for x86, deviceName: emulator-5554, deviceScreenDensity: 420, deviceScreenSize: 1080x1920, deviceUDID: emulator-5554, enableMultiWindows: true, javascriptEnabled: true, locationContextEnabled: false, networkConnectionEnabled: true, pixelRatio: 2.625, platform: LINUX, platformName: Android, platformVersion: 10, statBarHeight: 63, takesScreenshot: true, viewportRect: {height: 1731, left: 0, top: 63, width: 1080}, warnings: {}, webStorageEnabled: false}&#10;Session ID: 54d48bb5-51be-425e-8b35-3f38974d0c68" type="org.openqa.selenium.WebDriverException">org.openqa.selenium.WebDriverException: 
An unknown server-side error occurred while processing the command. Original error: URI and package arguments are required
Build info: version: '3.141.59', revision: 'e82be7d358', time: '2018-11-14T08:17:03'
System info: host: 'DESKTOP-C16351B', ip: '192.168.150.2', os.name: 'Windows 10', os.arch: 'amd64', os.version: '10.0', java.version: '1.8.0_202'
Driver info: io.appium.java_client.android.AndroidDriver
Capabilities {autoGrantPermissions: true, databaseEnabled: false, desired: {autoGrantPermissions: true, enableMultiWindows: true, platformName: android}, deviceApiLevel: 29, deviceManufacturer: Google, deviceModel: Android SDK built for x86, deviceName: emulator-5554, deviceScreenDensity: 420, deviceScreenSize: 1080x1920, deviceUDID: emulator-5554, enableMultiWindows: true, javascriptEnabled: true, locationContextEnabled: false, networkConnectionEnabled: true, pixelRatio: 2.625, platform: LINUX, platformName: Android, platformVersion: 10, statBarHeight: 63, takesScreenshot: true, viewportRect: {height: 1731, left: 0, top: 63, width: 1080}, warnings: {}, webStorageEnabled: false}
Session ID: 54d48bb5-51be-425e-8b35-3f38974d0c68
	at ui.RozetkaTests.addingProductToTheCart(RozetkaTests.java:12)
</failure>
  </testcase>
  <testcase name="resetApp" classname="ui.RozetkaTests" time="0.112">
    <failure message="An unknown server-side error occurred while processing the command. Original error: &apos;appPackage&apos; option is required&#10;Build info: version: &apos;3.141.59&apos;, revision: &apos;e82be7d358&apos;, time: &apos;2018-11-14T08:17:03&apos;&#10;System info: host: &apos;DESKTOP-C16351B&apos;, ip: &apos;192.168.150.2&apos;, os.name: &apos;Windows 10&apos;, os.arch: &apos;amd64&apos;, os.version: &apos;10.0&apos;, java.version: &apos;1.8.0_202&apos;&#10;Driver info: io.appium.java_client.android.AndroidDriver&#10;Capabilities {autoGrantPermissions: true, databaseEnabled: false, desired: {autoGrantPermissions: true, enableMultiWindows: true, platformName: android}, deviceApiLevel: 29, deviceManufacturer: Google, deviceModel: Android SDK built for x86, deviceName: emulator-5554, deviceScreenDensity: 420, deviceScreenSize: 1080x1920, deviceUDID: emulator-5554, enableMultiWindows: true, javascriptEnabled: true, locationContextEnabled: false, networkConnectionEnabled: true, pixelRatio: 2.625, platform: LINUX, platformName: Android, platformVersion: 10, statBarHeight: 63, takesScreenshot: true, viewportRect: {height: 1731, left: 0, top: 63, width: 1080}, warnings: {}, webStorageEnabled: false}&#10;Session ID: 54d48bb5-51be-425e-8b35-3f38974d0c68" type="org.openqa.selenium.WebDriverException">org.openqa.selenium.WebDriverException: 
An unknown server-side error occurred while processing the command. Original error: 'appPackage' option is required
Build info: version: '3.141.59', revision: 'e82be7d358', time: '2018-11-14T08:17:03'
System info: host: 'DESKTOP-C16351B', ip: '192.168.150.2', os.name: 'Windows 10', os.arch: 'amd64', os.version: '10.0', java.version: '1.8.0_202'
Driver info: io.appium.java_client.android.AndroidDriver
Capabilities {autoGrantPermissions: true, databaseEnabled: false, desired: {autoGrantPermissions: true, enableMultiWindows: true, platformName: android}, deviceApiLevel: 29, deviceManufacturer: Google, deviceModel: Android SDK built for x86, deviceName: emulator-5554, deviceScreenDensity: 420, deviceScreenSize: 1080x1920, deviceUDID: emulator-5554, enableMultiWindows: true, javascriptEnabled: true, locationContextEnabled: false, networkConnectionEnabled: true, pixelRatio: 2.625, platform: LINUX, platformName: Android, platformVersion: 10, statBarHeight: 63, takesScreenshot: true, viewportRect: {height: 1731, left: 0, top: 63, width: 1080}, warnings: {}, webStorageEnabled: false}
Session ID: 54d48bb5-51be-425e-8b35-3f38974d0c68
</failure>
  </testcase>
  <testcase name="resetApp" classname="ui.RozetkaTests" time="0">
    <skipped/>
  </testcase>
  <testcase name="checkBath" classname="ui.RozetkaTests" time="0">
    <skipped message="An unknown server-side error occurred while processing the command. Original error: &apos;appPackage&apos; option is required&#10;Build info: version: &apos;3.141.59&apos;, revision: &apos;e82be7d358&apos;, time: &apos;2018-11-14T08:17:03&apos;&#10;System info: host: &apos;DESKTOP-C16351B&apos;, ip: &apos;192.168.150.2&apos;, os.name: &apos;Windows 10&apos;, os.arch: &apos;amd64&apos;, os.version: &apos;10.0&apos;, java.version: &apos;1.8.0_202&apos;&#10;Driver info: io.appium.java_client.android.AndroidDriver&#10;Capabilities {autoGrantPermissions: true, databaseEnabled: false, desired: {autoGrantPermissions: true, enableMultiWindows: true, platformName: android}, deviceApiLevel: 29, deviceManufacturer: Google, deviceModel: Android SDK built for x86, deviceName: emulator-5554, deviceScreenDensity: 420, deviceScreenSize: 1080x1920, deviceUDID: emulator-5554, enableMultiWindows: true, javascriptEnabled: true, locationContextEnabled: false, networkConnectionEnabled: true, pixelRatio: 2.625, platform: LINUX, platformName: Android, platformVersion: 10, statBarHeight: 63, takesScreenshot: true, viewportRect: {height: 1731, left: 0, top: 63, width: 1080}, warnings: {}, webStorageEnabled: false}&#10;Session ID: 54d48bb5-51be-425e-8b35-3f38974d0c68"/>
  </testcase>
</testsuite>